<?xml version="1.0" encoding="UTF-8"?>
<!-- Generated by org.testng.reporters.JUnitXMLReporter -->
<testsuite ignored="0" hostname="DESKTOP-VAA9J69" failures="0" tests="4" name="Test-Runner-2" time="0.129" errors="0" timestamp="2021-08-24T23:32:09 IST">
  <testcase classname="com.comcast.crm.contacttest.CreateContactTest.CreateContactTest" name="CreateContactTest" time="0.017"/>
  <testcase classname="com.comcast.crm.contacttest.CreateContactTest.CreateContactTest" name="modifiCreateContactTest" time="0.003"/>
  <testcase classname="com.comcast.orgtest.CreateOrg.CreateOrgTest" name="CreateOrgTest" time="0.004"/>
  <testcase classname="com.comcast.orgtest.CreateOrg.CreateOrgTest" name="modifiCreateOrgtest" time="0.003"/>
</testsuite> <!-- Test-Runner-2 -->
