<?xml version="1.0" encoding="UTF-8"?>
<!-- Generated by org.testng.reporters.JUnitReportReporter -->
<testsuite hostname="DESKTOP-VAA9J69" failures="0" tests="1" name="com.vtiger.comcastPomRepositioryLib.build_03_createOrganizationByNewThisWeek" time="59.435" errors="0" timestamp="2021-08-22T14:35:13 IST" skipped="0">
  <testcase classname="com.vtiger.comcastPomRepositioryLib.build_03_createOrganizationByNewThisWeek" name="createOrgazizaionByNewThisWeek" time="59.435"/>
  <system-out/>
</testsuite> <!-- com.vtiger.comcastPomRepositioryLib.build_03_createOrganizationByNewThisWeek -->
