<?xml version="1.0" encoding="UTF-8"?>
<!-- Generated by org.testng.reporters.JUnitReportReporter -->
<testsuite hostname="DESKTOP-VAA9J69" failures="0" tests="2" name="Build_01_com.vtiger.comPomRepositoryTest.VerifingCreateOrganizationByHardAndSoftAssert" time="20.547" errors="0" timestamp="2021-08-25T16:19:24 IST" skipped="0">
  <testcase classname="Build_01_com.vtiger.comPomRepositoryTest.VerifingCreateOrganizationByHardAndSoftAssert" name="Homepagetitle" time="9.306"/>
  <system-out/>
  <testcase classname="Build_01_com.vtiger.comPomRepositoryTest.VerifingCreateOrganizationByHardAndSoftAssert" name="orgpagetitle" time="11.241"/>
  <system-out/>
</testsuite> <!-- Build_01_com.vtiger.comPomRepositoryTest.VerifingCreateOrganizationByHardAndSoftAssert -->
