<?xml version="1.0" encoding="UTF-8"?>
<!-- Generated by org.testng.reporters.JUnitReportReporter -->
<testsuite hostname="DESKTOP-VAA9J69" failures="0" tests="1" name="com.vtiger.comcastPomRepositioryLib.Build_03_SearchByOrganizationByName" time="48.243" errors="0" timestamp="2021-08-22T14:42:51 IST" skipped="0">
  <testcase classname="com.vtiger.comcastPomRepositioryLib.Build_03_SearchByOrganizationByName" name="SearchByOrganizationByName" time="48.243"/>
  <system-out/>
</testsuite> <!-- com.vtiger.comcastPomRepositioryLib.Build_03_SearchByOrganizationByName -->
