<?xml version="1.0" encoding="UTF-8"?>
<!-- Generated by org.testng.reporters.JUnitReportReporter -->
<testsuite hostname="DESKTOP-VAA9J69" failures="0" tests="2" name="Build_01_com.vtiger.comPomRepositoryTest.ExtendsReportsPractise" time="41.135" errors="0" timestamp="2021-08-25T13:10:04 IST" skipped="0">
  <testcase classname="Build_01_com.vtiger.comPomRepositoryTest.ExtendsReportsPractise" name="Homepagetitle" time="25.597"/>
  <system-out/>
  <testcase classname="Build_01_com.vtiger.comPomRepositoryTest.ExtendsReportsPractise" name="orgpagetitle" time="15.538"/>
  <system-out/>
</testsuite> <!-- Build_01_com.vtiger.comPomRepositoryTest.ExtendsReportsPractise -->
