<?xml version="1.0" encoding="UTF-8"?>
<!-- Generated by org.testng.reporters.JUnitReportReporter -->
<testsuite hostname="DESKTOP-VAA9J69" failures="0" tests="1" name="com.comcast.crm.contacttest.CreateContactTest.createcontactTest" time="25.420" errors="0" timestamp="2021-08-25T10:13:16 IST" skipped="0">
  <testcase classname="com.comcast.crm.contacttest.CreateContactTest.createcontactTest" name="CreateContactTest" time="25.420"/>
  <system-out/>
</testsuite> <!-- com.comcast.crm.contacttest.CreateContactTest.createcontactTest -->
