<?xml version="1.0" encoding="UTF-8"?>
<!-- Generated by org.testng.reporters.JUnitReportReporter -->
<testsuite hostname="DESKTOP-VAA9J69" failures="0" tests="1" name="Build_02_com.vtiger.comcastPomRepositiorylib.OrganizationByNewThisWeek" time="23.918" errors="0" timestamp="2021-08-22T15:29:49 IST" skipped="0">
  <testcase classname="Build_02_com.vtiger.comcastPomRepositiorylib.OrganizationByNewThisWeek" name="OrgazizaionByNewThisWeek" time="23.918"/>
  <system-out/>
</testsuite> <!-- Build_02_com.vtiger.comcastPomRepositiorylib.OrganizationByNewThisWeek -->
