<?xml version="1.0" encoding="UTF-8"?>
<!-- Generated by org.testng.reporters.JUnitReportReporter -->
<testsuite hostname="DESKTOP-VAA9J69" failures="0" tests="1" name="sample.demo" time="0.008" errors="0" timestamp="2021-08-19T23:38:30 IST" skipped="0">
  <testcase classname="sample.demo" name="launch" time="0.008"/>
  <system-out/>
</testsuite> <!-- sample.demo -->
