<?xml version="1.0" encoding="UTF-8"?>
<!-- Generated by org.testng.reporters.JUnitReportReporter -->
<testsuite hostname="DESKTOP-VAA9J69" failures="0" tests="1" name="PractiseVtigerModule.VtigerRunModule" time="84.879" errors="0" timestamp="2021-08-25T14:23:45 IST" skipped="0">
  <testcase classname="PractiseVtigerModule.VtigerRunModule" name="OrganizationByNewThisWeek" time="84.879"/>
  <system-out/>
</testsuite> <!-- PractiseVtigerModule.VtigerRunModule -->
