<?xml version="1.0" encoding="UTF-8"?>
<!-- Generated by org.testng.reporters.JUnitReportReporter -->
<testsuite hostname="DESKTOP-VAA9J69" failures="0" tests="1" name="com.vtiger.comcast.genericUtility.BaseClass" time="15.626" errors="0" timestamp="2021-08-23T17:02:10 IST" skipped="0">
  <testcase classname="com.vtiger.comcast.genericUtility.BaseClass" name="configBM" time="15.626"/>
  <system-out/>
</testsuite> <!-- com.vtiger.comcast.genericUtility.BaseClass -->
