<?xml version="1.0" encoding="UTF-8"?>
<!-- Generated by org.testng.reporters.JUnitReportReporter -->
<testsuite hostname="DESKTOP-VAA9J69" failures="0" tests="2" name="Build_01_com.vtiger.comPomRepositoryTest.createOrganizationAndTakeNameOfOrganizationTC_05" time="52.817" errors="0" timestamp="2021-08-26T00:00:33 IST" skipped="0">
  <testcase classname="Build_01_com.vtiger.comPomRepositoryTest.createOrganizationAndTakeNameOfOrganizationTC_05" name="Homepagetitle" time="35.969"/>
  <system-out/>
  <testcase classname="Build_01_com.vtiger.comPomRepositoryTest.createOrganizationAndTakeNameOfOrganizationTC_05" name="orgpagetitle" time="16.848"/>
  <system-out/>
</testsuite> <!-- Build_01_com.vtiger.comPomRepositoryTest.createOrganizationAndTakeNameOfOrganizationTC_05 -->
