<?xml version="1.0" encoding="UTF-8"?>
<!-- Generated by org.testng.reporters.JUnitReportReporter -->
<testsuite hostname="DESKTOP-VAA9J69" failures="0" tests="4" name="com.comcast.orgtest.CreateOrg.CreateOrgTest" time="0.012" errors="0" timestamp="2021-08-24T23:32:10 IST" skipped="0">
  <testcase classname="com.comcast.orgtest.CreateOrg.CreateOrgTest" name="modifiCreateOrgtest" time="0.003"/>
  <system-out/>
  <testcase classname="com.comcast.orgtest.CreateOrg.CreateOrgTest" name="CreateOrgTest" time="0.002"/>
  <system-out/>
  <testcase classname="com.comcast.orgtest.CreateOrg.CreateOrgTest" name="modifiCreateOrgtest" time="0.003"/>
  <system-out/>
  <testcase classname="com.comcast.orgtest.CreateOrg.CreateOrgTest" name="CreateOrgTest" time="0.004"/>
  <system-out/>
</testsuite> <!-- com.comcast.orgtest.CreateOrg.CreateOrgTest -->
